0 info it worked if it ends with ok
1 verbose cli [ 'C:\\Program Files\\nodejs\\node.exe',
1 verbose cli   'C:\\Users\\Gustavo\\AppData\\Roaming\\npm\\node_modules\\npm\\bin\\npm-cli.js',
1 verbose cli   'run',
1 verbose cli   'gulp' ]
2 info using npm@3.9.2
3 info using node@v4.4.4
4 verbose run-script [ 'pregulp', 'gulp', 'postgulp' ]
5 info lifecycle angular2-seed@1.0.0~pregulp: angular2-seed@1.0.0
6 silly lifecycle angular2-seed@1.0.0~pregulp: no script for pregulp, continuing
7 info lifecycle angular2-seed@1.0.0~gulp: angular2-seed@1.0.0
8 verbose lifecycle angular2-seed@1.0.0~gulp: unsafe-perm in lifecycle true
9 verbose lifecycle angular2-seed@1.0.0~gulp: PATH: C:\Users\Gustavo\AppData\Roaming\npm\node_modules\npm\bin\node-gyp-bin;C:\Users\Gustavo\angular2-app\node_modules\.bin;C:\Program Files\nodejs;C:\Users\Gustavo\AppData\Roaming\npm\node_modules\npm\bin\node-gyp-bin;C:\Users\Gustavo\angular2-app\node_modules\.bin;C:\Program Files\nodejs;C:\ProgramData\Oracle\Java\javapath;C:\Program Files\Common Files\Microsoft Shared\Windows Live;C:\Program Files (x86)\Common Files\Microsoft Shared\Windows Live;C:\windows\system32;C:\windows;C:\windows\System32\Wbem;C:\windows\System32\WindowsPowerShell\v1.0\;C:\Program Files (x86)\Windows Live\Shared;C:\Program Files (x86)\Windows Kits\8.1\Windows Performance Toolkit\;C:\Program Files\Microsoft SQL Server\110\Tools\Binn\;C:\Program Files (x86)\Microsoft SDKs\TypeScript\1.0\;C:\Program Files\Microsoft SQL Server\120\Tools\Binn\;C:\Program Files (x86)\MySQL\MySQL Fabric 1.5.4 & MySQL Utilities 1.5.4 1.5\;C:\Program Files (x86)\MySQL\MySQL Fabric 1.5.4 & MySQL Utilities 1.5.4 1.5\Doctrine extensions for PHP\;%USERPROFILE%\.dnx\bin;C:\Program Files\Microsoft DNX\Dnvm\;C:\Program Files (x86)\Skype\Phone\;C:\Program Files\Java\jdk1.8.0_31;C:\Program Files\apache-maven-3.3.9\bin;C:\Program Files\nodejs\;C:\Users\Gustavo\AppData\Roaming\npm
10 verbose lifecycle angular2-seed@1.0.0~gulp: CWD: C:\Users\Gustavo\angular2-app
11 silly lifecycle angular2-seed@1.0.0~gulp: Args: [ '/d /s /c', 'gulp' ]
12 silly lifecycle angular2-seed@1.0.0~gulp: Returned: code: 3221225786  signal: null
13 info lifecycle angular2-seed@1.0.0~gulp: Failed to exec gulp script
14 verbose stack Error: angular2-seed@1.0.0 gulp: `gulp`
14 verbose stack Exit status 3221225786
14 verbose stack     at EventEmitter.<anonymous> (C:\Users\Gustavo\AppData\Roaming\npm\node_modules\npm\lib\utils\lifecycle.js:245:16)
14 verbose stack     at emitTwo (events.js:87:13)
14 verbose stack     at EventEmitter.emit (events.js:172:7)
14 verbose stack     at ChildProcess.<anonymous> (C:\Users\Gustavo\AppData\Roaming\npm\node_modules\npm\lib\utils\spawn.js:24:14)
14 verbose stack     at emitTwo (events.js:87:13)
14 verbose stack     at ChildProcess.emit (events.js:172:7)
14 verbose stack     at maybeClose (internal/child_process.js:827:16)
14 verbose stack     at Process.ChildProcess._handle.onexit (internal/child_process.js:211:5)
15 verbose pkgid angular2-seed@1.0.0
16 verbose cwd C:\Users\Gustavo\angular2-app
17 error Windows_NT 6.1.7601
18 error argv "C:\\Program Files\\nodejs\\node.exe" "C:\\Users\\Gustavo\\AppData\\Roaming\\npm\\node_modules\\npm\\bin\\npm-cli.js" "run" "gulp"
19 error node v4.4.4
20 error npm  v3.9.2
21 error code ELIFECYCLE
22 error angular2-seed@1.0.0 gulp: `gulp`
22 error Exit status 3221225786
23 error Failed at the angular2-seed@1.0.0 gulp script 'gulp'.
23 error Make sure you have the latest version of node.js and npm installed.
23 error If you do, this is most likely a problem with the angular2-seed package,
23 error not with npm itself.
23 error Tell the author that this fails on your system:
23 error     gulp
23 error You can get information on how to open an issue for this project with:
23 error     npm bugs angular2-seed
23 error Or if that isn't available, you can get their info via:
23 error     npm owner ls angular2-seed
23 error There is likely additional logging output above.
24 verbose exit [ 1, true ]
